#
# A fatal error has been detected by the Java Runtime Environment:
#
#  SIGILL (0x4) at pc=0x00007f181cb7ecaa, pid=4015, tid=0x00007f1821d74700
#
# JRE version: OpenJDK Runtime Environment (8.0_212-b03) (build 1.8.0_212-8u212-b03-0ubuntu1.16.04.1-b03)
# Java VM: OpenJDK 64-Bit Server VM (25.212-b03 mixed mode linux-amd64 compressed oops)
# Problematic frame:
# C  [libmxnet.so+0x23ecaa]
#
# Failed to write core dump. Core dumps have been disabled. To enable core dumping, try "ulimit -c unlimited" before starting Java again
#
# If you would like to submit a bug report, please visit:
#   http://bugreport.java.com/bugreport/crash.jsp
# The crash happened outside the Java Virtual Machine in native code.
# See problematic frame for where to report the bug.
#

---------------  T H R E A D  ---------------

Current thread (0x00007f185441e000):  JavaThread "org.apache.mxnet.infer.MXNetThreadPoolHandler-0" daemon [_thread_in_native, id=4036, stack(0x00007f1821c74000,0x00007f1821d75000)]

siginfo: si_signo: 4 (SIGILL), si_code: 2 (ILL_ILLOPN), si_addr: 0x00007f181cb7ecaa

Registers:
RAX=0x0000000000000000, RBX=0x00007f182c06f438, RCX=0x0000000000000000, RDX=0x00007f181cb8ffe0
RSP=0x00007f1821d70e20, RBP=0x00007f1821d70e80, RSI=0x00007f1821d71040, RDI=0x00007f1821d70e20
R8 =0x00007f1859bf7158, R9 =0x00007f1821d71040, R10=0x00007f182c06f4f0, R11=0x00007f185b212240
R12=0x00007f1821d71040, R13=0x00007f1821d70e20, R14=0x00007f1821d70fc0, R15=0x00007f1821d70fd0
RIP=0x00007f181cb7ecaa, EFLAGS=0x0000000000010246, CSGSFS=0x002b000000000033, ERR=0x0000000000000000
  TRAPNO=0x0000000000000006

Top of Stack: (sp=0x00007f1821d70e20)
0x00007f1821d70e20:   00007f181cb8ffe0 00007f181cb97bb1
0x00007f1821d70e30:   0000000000000000 cd60195ad76c9300
0x00007f1821d70e40:   00000000210172c6 00007f1820fd57c0
0x00007f1821d70e50:   00007f1821777560 cd60195ad76c9300
0x00007f1821d70e60:   00007f1821d70f20 00007f1821d70fe0
0x00007f1821d70e70:   00007f182c06f3c0 00007f1821d70f40
0x00007f1821d70e80:   00007f1821d71110 00007f181ca42351
0x00007f1821d70e90:   0000000000000005 00007f1821d70f1e
0x00007f1821d70ea0:   00007f1821d70f1d 00007f1821d70f1b
0x00007f1821d70eb0:   00007f1821d70f1a 00007f1821d70f19
0x00007f1821d70ec0:   00007f1821d70f18 00007f1821d70f1c
0x00007f1821d70ed0:   00007f1821777560 00007f1821d71040
0x00007f1821d70ee0:   00007f1821d70fc0 00007f1859bf5ac0
0x00007f1821d70ef0:   00007f1821d70f60 00007f1821d70fa0
0x00007f1821d70f00:   00007f1821d70f80 00007f1821d71028
0x00007f1821d70f10:   000000005b960818 0000ffff00001fa0
0x00007f1821d70f20:   00007f182c06ec68 0000000000000000
0x00007f1821d70f30:   0000000000000000 0000000000000000
0x00007f1821d70f40:   00007f182c06ec38 0000000000000000
0x00007f1821d70f50:   0000000000000000 0000000000000000
0x00007f1821d70f60:   00007f182c06ec08 0000000000000000
0x00007f1821d70f70:   0000000000000000 0000000000000000
0x00007f1821d70f80:   00007f182c06ebd8 0000000000004004
0x00007f1821d70f90:   e5585fd151001191 0000000000004000
0x00007f1821d70fa0:   00007f182c06eb88 0000000000000000
0x00007f1821d70fb0:   0000000000000000 0000000000000000
0x00007f1821d70fc0:   00007f182c06ed98 0000000000000000
0x00007f1821d70fd0:   00007f182c06eb48 0000000000000000
0x00007f1821d70fe0:   00007f182c06eb18 000000ffff000000
0x00007f1821d70ff0:   0000008000000080 0000000000000000
0x00007f1821d71000:   00007f182c06ead0 00007f182c06eaf0
0x00007f1821d71010:   00007f182c06eaf0 0000000000000000 

Instructions: (pc=0x00007f181cb7ecaa)
0x00007f181cb7ec8a:   10 48 c7 44 24 10 00 00 00 00 48 85 c0 0f 84 93
0x00007f181cb7ec9a:   00 00 00 49 89 e5 ba 02 00 00 00 48 89 e7 ff d0
0x00007f181cb7ecaa:   c4 c1 7a 6f 44 24 10 49 8b 4c 24 18 49 8b 54 24
0x00007f181cb7ecba:   10 c5 f9 7f 44 24 10 4c 8b 6b 10 4c 8b 0c 24 4c 

Register to memory mapping:

RAX=0x0000000000000000 is an unknown value
RBX=0x00007f182c06f438 is an unknown value
RCX=0x0000000000000000 is an unknown value
RDX=0x00007f181cb8ffe0: <offset 0x24ffe0> in /tmp/mxnet8755260768609296479/libmxnet.so at 0x00007f181c940000
RSP=0x00007f1821d70e20 is pointing into the stack for thread: 0x00007f185441e000
RBP=0x00007f1821d70e80 is pointing into the stack for thread: 0x00007f185441e000
RSI=0x00007f1821d71040 is pointing into the stack for thread: 0x00007f185441e000
RDI=0x00007f1821d70e20 is pointing into the stack for thread: 0x00007f185441e000
R8 =0x00007f1859bf7158: _ZNSs4_Rep20_S_empty_rep_storageE+0x18 in /usr/lib/x86_64-linux-gnu/libstdc++.so.6 at 0x00007f1859876000
R9 =0x00007f1821d71040 is pointing into the stack for thread: 0x00007f185441e000
R10=0x00007f182c06f4f0 is an unknown value
R11=0x00007f185b212240: <offset 0x8f240> in /lib/x86_64-linux-gnu/libc.so.6 at 0x00007f185b183000
R12=0x00007f1821d71040 is pointing into the stack for thread: 0x00007f185441e000
R13=0x00007f1821d70e20 is pointing into the stack for thread: 0x00007f185441e000
R14=0x00007f1821d70fc0 is pointing into the stack for thread: 0x00007f185441e000
R15=0x00007f1821d70fd0 is pointing into the stack for thread: 0x00007f185441e000


Stack: [0x00007f1821c74000,0x00007f1821d75000],  sp=0x00007f1821d70e20,  free space=1011k
Native frames: (J=compiled Java code, j=interpreted, Vv=VM code, C=native code)
C  [libmxnet.so+0x23ecaa]
C  [libmxnet.so+0x102351]
C  [ld-linux-x86-64.so.2+0x106ca]

Java frames: (J=compiled Java code, j=interpreted, Vv=VM code)
j  java.lang.ClassLoader$NativeLibrary.load(Ljava/lang/String;Z)V+0
j  java.lang.ClassLoader.loadLibrary0(Ljava/lang/Class;Ljava/io/File;)Z+328
j  java.lang.ClassLoader.loadLibrary(Ljava/lang/Class;Ljava/lang/String;Z)V+48
j  java.lang.Runtime.load0(Ljava/lang/Class;Ljava/lang/String;)V+57
j  java.lang.System.load(Ljava/lang/String;)V+7
j  org.apache.mxnet.util.NativeLibraryLoader$.loadLibraryFromFile(Ljava/lang/String;Ljava/io/File;)V+26
j  org.apache.mxnet.util.NativeLibraryLoader$.loadLibrary(Ljava/lang/String;)V+221
j  org.apache.mxnet.Base$.<init>()V+117
j  org.apache.mxnet.Base$.<clinit>()V+3
v  ~StubRoutines::call_stub
j  org.apache.mxnet.Symbol$.initSymbolModule()Lscala/collection/immutable/Map;+10
j  org.apache.mxnet.Symbol$.<init>()V+19
j  org.apache.mxnet.Symbol$.<clinit>()V+3
v  ~StubRoutines::call_stub
j  org.apache.mxnet.Model$.loadCheckpoint(Ljava/lang/String;I)Lscala/Tuple3;+0
j  org.apache.mxnet.module.Module$.loadCheckpoint(Ljava/lang/String;IZLscala/collection/IndexedSeq;Lscala/collection/IndexedSeq;[Lorg/apache/mxnet/Context;Lscala/Option;Lscala/Option;)Lorg/apache/mxnet/module/Module;+5
j  org.apache.mxnet.infer.Predictor$$anonfun$12.apply()Lorg/apache/mxnet/module/Module;+109
j  org.apache.mxnet.infer.Predictor$$anonfun$12.apply()Ljava/lang/Object;+1
j  org.apache.mxnet.infer.MXNetThreadPoolHandler$$anon$4.call()Ljava/lang/Object;+56
j  java.util.concurrent.FutureTask.run()V+42
j  java.util.concurrent.ThreadPoolExecutor.runWorker(Ljava/util/concurrent/ThreadPoolExecutor$Worker;)V+95
j  java.util.concurrent.ThreadPoolExecutor$Worker.run()V+5
j  java.lang.Thread.run()V+11
v  ~StubRoutines::call_stub

---------------  P R O C E S S  ---------------

Java Threads: ( => current thread )
=>0x00007f185441e000 JavaThread "org.apache.mxnet.infer.MXNetThreadPoolHandler-0" daemon [_thread_in_native, id=4036, stack(0x00007f1821c74000,0x00007f1821d75000)]
  0x00007f1854399000 JavaThread "Java2D Disposer" daemon [_thread_blocked, id=4035, stack(0x00007f1822635000,0x00007f1822736000)]
  0x00007f182c001000 JavaThread "Attach Listener" daemon [_thread_blocked, id=4034, stack(0x00007f1823dfe000,0x00007f1823eff000)]
  0x00007f1854240000 JavaThread "Service Thread" daemon [_thread_blocked, id=4032, stack(0x00007f184005b000,0x00007f184015c000)]
  0x00007f185422d800 JavaThread "C1 CompilerThread1" daemon [_thread_blocked, id=4031, stack(0x00007f184015c000,0x00007f184025d000)]
  0x00007f185422b800 JavaThread "C2 CompilerThread0" daemon [_thread_blocked, id=4030, stack(0x00007f1843476000,0x00007f1843577000)]
  0x00007f1854229800 JavaThread "Monitor Ctrl-Break" daemon [_thread_in_native, id=4029, stack(0x00007f1843577000,0x00007f1843678000)]
  0x00007f18540d6000 JavaThread "Signal Dispatcher" daemon [_thread_blocked, id=4028, stack(0x00007f184385c000,0x00007f184395d000)]
  0x00007f18540a3800 JavaThread "Finalizer" daemon [_thread_blocked, id=4022, stack(0x00007f1843c35000,0x00007f1843d36000)]
  0x00007f18540a1000 JavaThread "Reference Handler" daemon [_thread_blocked, id=4021, stack(0x00007f1843d36000,0x00007f1843e37000)]
  0x00007f185400c800 JavaThread "main" [_thread_blocked, id=4016, stack(0x00007f185b864000,0x00007f185b965000)]

Other Threads:
  0x00007f1854097800 VMThread [stack: 0x00007f1843e37000,0x00007f1843f38000] [id=4020]
  0x00007f1854243000 WatcherThread [stack: 0x00007f1823eff000,0x00007f1824000000] [id=4033]

VM state:not at safepoint (normal execution)

VM Mutex/Monitor currently owned by a thread: None

heap address: 0x00000000c2400000, size: 988 MB, Compressed Oops mode: 32-bit
Narrow klass base: 0x0000000000000000, Narrow klass shift: 3
Compressed class space size: 1073741824 Address: 0x0000000100000000

Heap:
 def new generation   total 19008K, used 16512K [0x00000000c2400000, 0x00000000c38a0000, 0x00000000d6d50000)
  eden space 16896K,  85% used [0x00000000c2400000, 0x00000000c32100a8, 0x00000000c3480000)
  from space 2112K,  99% used [0x00000000c3690000, 0x00000000c389fff8, 0x00000000c38a0000)
  to   space 2112K,   0% used [0x00000000c3480000, 0x00000000c3480000, 0x00000000c3690000)
 tenured generation   total 42368K, used 679K [0x00000000d6d50000, 0x00000000d96b0000, 0x0000000100000000)
   the space 42368K,   1% used [0x00000000d6d50000, 0x00000000d6df9d20, 0x00000000d6df9e00, 0x00000000d96b0000)
 Metaspace       used 10237K, capacity 10372K, committed 10624K, reserved 1058816K
  class space    used 1291K, capacity 1370K, committed 1408K, reserved 1048576K

Card table byte_map: [0x00007f1844a51000,0x00007f1844c40000] byte_map_base: 0x00007f184443f000

Polling page: 0x00007f185b97e000

CodeCache: size=245760Kb used=2849Kb max_used=2863Kb free=242910Kb
 bounds [0x00007f1845000000, 0x00007f18452d0000, 0x00007f1854000000]
 total_blobs=958 nmethods=625 adapters=249
 compilation: enabled

Compilation events (10 events):
Event: 7.607 Thread 0x00007f185422b800  621       4       java.lang.String::startsWith (7 bytes)
Event: 7.611 Thread 0x00007f185422b800 nmethod 621 0x00007f18452c7dd0 code [0x00007f18452c7f20, 0x00007f18452c80d8]
Event: 7.613 Thread 0x00007f185422b800  622       4       java.util.HashMap::getNode (148 bytes)
Event: 7.616 Thread 0x00007f185422b800 nmethod 622 0x00007f18452c9510 code [0x00007f18452c9680, 0x00007f18452c98d8]
Event: 7.621 Thread 0x00007f185422d800  623       3       java.lang.StringCoding::deref (19 bytes)
Event: 7.622 Thread 0x00007f185422d800 nmethod 623 0x00007f18452c8d90 code [0x00007f18452c8f20, 0x00007f18452c93c0]
Event: 7.655 Thread 0x00007f185422b800  624       4       java.lang.Math::max (11 bytes)
Event: 7.656 Thread 0x00007f185422b800 nmethod 624 0x00007f18452c0bd0 code [0x00007f18452c0d00, 0x00007f18452c0d58]
Event: 7.667 Thread 0x00007f185422d800  625       1       java.io.File::getPath (5 bytes)
Event: 7.668 Thread 0x00007f185422d800 nmethod 625 0x00007f18452c8ad0 code [0x00007f18452c8c20, 0x00007f18452c8d30]

GC Heap History (2 events):
Event: 2.995 GC heap before
{Heap before GC invocations=0 (full 0):
 def new generation   total 19008K, used 16896K [0x00000000c2400000, 0x00000000c38a0000, 0x00000000d6d50000)
  eden space 16896K, 100% used [0x00000000c2400000, 0x00000000c3480000, 0x00000000c3480000)
  from space 2112K,   0% used [0x00000000c3480000, 0x00000000c3480000, 0x00000000c3690000)
  to   space 2112K,   0% used [0x00000000c3690000, 0x00000000c3690000, 0x00000000c38a0000)
 tenured generation   total 42368K, used 0K [0x00000000d6d50000, 0x00000000d96b0000, 0x0000000100000000)
   the space 42368K,   0% used [0x00000000d6d50000, 0x00000000d6d50000, 0x00000000d6d50200, 0x00000000d96b0000)
 Metaspace       used 5860K, capacity 6616K, committed 6784K, reserved 1056768K
  class space    used 819K, capacity 840K, committed 896K, reserved 1048576K
Event: 3.016 GC heap after
Heap after GC invocations=1 (full 0):
 def new generation   total 19008K, used 2111K [0x00000000c2400000, 0x00000000c38a0000, 0x00000000d6d50000)
  eden space 16896K,   0% used [0x00000000c2400000, 0x00000000c2400000, 0x00000000c3480000)
  from space 2112K,  99% used [0x00000000c3690000, 0x00000000c389fff8, 0x00000000c38a0000)
  to   space 2112K,   0% used [0x00000000c3480000, 0x00000000c3480000, 0x00000000c3690000)
 tenured generation   total 42368K, used 679K [0x00000000d6d50000, 0x00000000d96b0000, 0x0000000100000000)
   the space 42368K,   1% used [0x00000000d6d50000, 0x00000000d6df9d20, 0x00000000d6df9e00, 0x00000000d96b0000)
 Metaspace       used 5860K, capacity 6616K, committed 6784K, reserved 1056768K
  class space    used 819K, capacity 840K, committed 896K, reserved 1048576K
}

Deoptimization events (6 events):
Event: 3.653 Thread 0x00007f185400c800 Uncommon trap: reason=unstable_if action=reinterpret pc=0x00007f18451c4668 method=java.util.zip.ZipCoder.encoder()Ljava/nio/charset/CharsetEncoder; @ 4
Event: 3.654 Thread 0x00007f185400c800 Uncommon trap: reason=unstable_if action=reinterpret pc=0x00007f1845171480 method=java.lang.String.indexOf([CII[CIII)I @ 134
Event: 3.660 Thread 0x00007f185400c800 Uncommon trap: reason=unstable_if action=reinterpret pc=0x00007f18451a1e38 method=java.util.zip.ZipCoder.encoder()Ljava/nio/charset/CharsetEncoder; @ 4
Event: 4.338 Thread 0x00007f185400c800 Uncommon trap: reason=unstable_if action=reinterpret pc=0x00007f18451c5928 method=java.lang.String.startsWith(Ljava/lang/String;I)Z @ 25
Event: 4.635 Thread 0x00007f185441e000 Uncommon trap: reason=unstable_if action=reinterpret pc=0x00007f18452b60c8 method=java.lang.String.indexOf([CII[CIII)I @ 3
Event: 7.660 Thread 0x00007f185441e000 Uncommon trap: reason=unstable_if action=reinterpret pc=0x00007f18451fe8b4 method=sun.net.www.ParseUtil.encodePath(Ljava/lang/String;Z)Ljava/lang/String; @ 109

Classes redefined (0 events):
No events

Internal exceptions (10 events):
Event: 1.646 Thread 0x00007f182c001000 Exception <a 'java/security/PrivilegedActionException'> (0x00000000c2a73b18) thrown at [/build/openjdk-8-lHVHKD/openjdk-8-8u212-b03/src/hotspot/src/share/vm/prims/jvm.cpp, line 1502]
Event: 1.646 Thread 0x00007f182c001000 Exception <a 'java/security/PrivilegedActionException'> (0x00000000c2a73f10) thrown at [/build/openjdk-8-lHVHKD/openjdk-8-8u212-b03/src/hotspot/src/share/vm/prims/jvm.cpp, line 1502]
Event: 1.646 Thread 0x00007f182c001000 Exception <a 'java/security/PrivilegedActionException'> (0x00000000c2a74bd0) thrown at [/build/openjdk-8-lHVHKD/openjdk-8-8u212-b03/src/hotspot/src/share/vm/prims/jvm.cpp, line 1502]
Event: 1.646 Thread 0x00007f182c001000 Exception <a 'java/security/PrivilegedActionException'> (0x00000000c2a74fc8) thrown at [/build/openjdk-8-lHVHKD/openjdk-8-8u212-b03/src/hotspot/src/share/vm/prims/jvm.cpp, line 1502]
Event: 3.390 Thread 0x00007f185400c800 Exception <a 'java/lang/NoSuchFieldError': method resolution failed> (0x00000000c2653240) thrown at [/build/openjdk-8-lHVHKD/openjdk-8-8u212-b03/src/hotspot/src/share/vm/prims/methodHandles.cpp, line 1167]
Event: 3.420 Thread 0x00007f185400c800 Exception <a 'java/lang/NoSuchFieldError': method resolution failed> (0x00000000c2661488) thrown at [/build/openjdk-8-lHVHKD/openjdk-8-8u212-b03/src/hotspot/src/share/vm/prims/methodHandles.cpp, line 1167]
Event: 3.588 Thread 0x00007f185400c800 Exception <a 'java/io/FileNotFoundException'> (0x00000000c27077a0) thrown at [/build/openjdk-8-lHVHKD/openjdk-8-8u212-b03/src/hotspot/src/share/vm/prims/jni.cpp, line 710]
Event: 3.589 Thread 0x00007f185400c800 Exception <a 'java/io/FileNotFoundException'> (0x00000000c2708188) thrown at [/build/openjdk-8-lHVHKD/openjdk-8-8u212-b03/src/hotspot/src/share/vm/prims/jni.cpp, line 710]
Event: 3.653 Thread 0x00007f185400c800 Implicit null exception at 0x00007f18451c3ba1 to 0x00007f18451c4649
Event: 3.660 Thread 0x00007f185400c800 Implicit null exception at 0x00007f18451a19da to 0x00007f18451a1e25

Events (10 events):
Event: 4.678 loading class java/lang/Shutdown done
Event: 4.678 loading class java/lang/Shutdown$Lock
Event: 4.678 loading class java/lang/Shutdown$Lock done
Event: 4.964 Executing VM operation: EnableBiasedLocking
Event: 4.964 Executing VM operation: EnableBiasedLocking done
Event: 7.601 loading class java/io/FileOutputStream$1
Event: 7.601 loading class java/io/FileOutputStream$1 done
Event: 7.660 Thread 0x00007f185441e000 Uncommon trap: trap_request=0xffffff65 fr.pc=0x00007f18451fe8b4
Event: 7.660 Thread 0x00007f185441e000 DEOPT PACKING pc=0x00007f18451fe8b4 sp=0x00007f1821d714a0
Event: 7.660 Thread 0x00007f185441e000 DEOPT UNPACKING pc=0x00007f184504547a sp=0x00007f1821d71440 mode 2


Dynamic libraries:
00400000-00401000 r-xp 00000000 08:01 7347                               /usr/lib/jvm/java-8-openjdk-amd64/jre/bin/java
00600000-00601000 r--p 00000000 08:01 7347                               /usr/lib/jvm/java-8-openjdk-amd64/jre/bin/java
00601000-00602000 rw-p 00001000 08:01 7347                               /usr/lib/jvm/java-8-openjdk-amd64/jre/bin/java
014a3000-014c4000 rw-p 00000000 00:00 0                                  [heap]
c2400000-c38a0000 rw-p 00000000 00:00 0 
c38a0000-d6d50000 ---p 00000000 00:00 0 
d6d50000-d96b0000 rw-p 00000000 00:00 0 
d96b0000-100000000 ---p 00000000 00:00 0 
100000000-100160000 rw-p 00000000 00:00 0 
100160000-140000000 ---p 00000000 00:00 0 
7f181a1b7000-7f181c1b7000 rw-p 00000000 00:00 0 
7f181c1b7000-7f181c1f6000 r-xp 00000000 08:01 307152                     /tmp/mxnet8755260768609296479/libquadmath.so.0
7f181c1f6000-7f181c3f5000 ---p 0003f000 08:01 307152                     /tmp/mxnet8755260768609296479/libquadmath.so.0
7f181c3f5000-7f181c3f6000 r--p 0003e000 08:01 307152                     /tmp/mxnet8755260768609296479/libquadmath.so.0
7f181c3f6000-7f181c3f7000 rw-p 0003f000 08:01 307152                     /tmp/mxnet8755260768609296479/libquadmath.so.0
7f181c3f7000-7f181c418000 r-xp 00000000 08:01 271363                     /usr/lib/x86_64-linux-gnu/libgomp.so.1.0.0
7f181c418000-7f181c617000 ---p 00021000 08:01 271363                     /usr/lib/x86_64-linux-gnu/libgomp.so.1.0.0
7f181c617000-7f181c618000 r--p 00020000 08:01 271363                     /usr/lib/x86_64-linux-gnu/libgomp.so.1.0.0
7f181c618000-7f181c619000 rw-p 00021000 08:01 271363                     /usr/lib/x86_64-linux-gnu/libgomp.so.1.0.0
7f181c619000-7f181c73d000 r-xp 00000000 08:01 307151                     /tmp/mxnet8755260768609296479/libgfortran.so.3
7f181c73d000-7f181c93d000 ---p 00124000 08:01 307151                     /tmp/mxnet8755260768609296479/libgfortran.so.3
7f181c93d000-7f181c93e000 r--p 00124000 08:01 307151                     /tmp/mxnet8755260768609296479/libgfortran.so.3
7f181c93e000-7f181c940000 rw-p 00125000 08:01 307151                     /tmp/mxnet8755260768609296479/libgfortran.so.3
7f181c940000-7f1821532000 r-xp 00000000 08:01 307147                     /tmp/mxnet8755260768609296479/libmxnet.so
7f1821532000-7f1821732000 ---p 04bf2000 08:01 307147                     /tmp/mxnet8755260768609296479/libmxnet.so
7f1821732000-7f1821775000 r--p 04bf2000 08:01 307147                     /tmp/mxnet8755260768609296479/libmxnet.so
7f1821775000-7f1821793000 rw-p 04c35000 08:01 307147                     /tmp/mxnet8755260768609296479/libmxnet.so
7f1821793000-7f182185c000 rw-p 00000000 00:00 0 
7f182185c000-7f1821873000 r-xp 00000000 08:01 307153                     /tmp/mxnet8755260768609296479/mxnet-scala
7f1821873000-7f1821a72000 ---p 00017000 08:01 307153                     /tmp/mxnet8755260768609296479/mxnet-scala
7f1821a72000-7f1821a73000 r--p 00016000 08:01 307153                     /tmp/mxnet8755260768609296479/mxnet-scala
7f1821a73000-7f1821a74000 rw-p 00017000 08:01 307153                     /tmp/mxnet8755260768609296479/mxnet-scala
7f1821a74000-7f1821b74000 rw-p 00000000 00:00 0 
7f1821b74000-7f1821c74000 ---p 00000000 00:00 0 
7f1821c74000-7f1821d75000 rwxp 00000000 00:00 0 
7f1821d75000-7f1821dc7000 r-xp 00000000 08:01 271588                     /usr/lib/x86_64-linux-gnu/liblcms2.so.2.0.6
7f1821dc7000-7f1821fc6000 ---p 00052000 08:01 271588                     /usr/lib/x86_64-linux-gnu/liblcms2.so.2.0.6
7f1821fc6000-7f1821fc7000 r--p 00051000 08:01 271588                     /usr/lib/x86_64-linux-gnu/liblcms2.so.2.0.6
7f1821fc7000-7f1821fcb000 rw-p 00052000 08:01 271588                     /usr/lib/x86_64-linux-gnu/liblcms2.so.2.0.6
7f1821fcb000-7f1821fcc000 rw-p 00000000 00:00 0 
7f1821fcc000-7f1821fd0000 r-xp 00000000 08:01 7382                       /usr/lib/jvm/java-8-openjdk-amd64/jre/lib/amd64/libjavalcms.so
7f1821fd0000-7f18221cf000 ---p 00004000 08:01 7382                       /usr/lib/jvm/java-8-openjdk-amd64/jre/lib/amd64/libjavalcms.so
7f18221cf000-7f18221d0000 r--p 00003000 08:01 7382                       /usr/lib/jvm/java-8-openjdk-amd64/jre/lib/amd64/libjavalcms.so
7f18221d0000-7f18221d1000 rw-p 00004000 08:01 7382                       /usr/lib/jvm/java-8-openjdk-amd64/jre/lib/amd64/libjavalcms.so
7f18221d1000-7f1822228000 r-xp 00000000 08:01 271566                     /usr/lib/x86_64-linux-gnu/libjpeg.so.8.0.2
7f1822228000-7f1822428000 ---p 00057000 08:01 271566                     /usr/lib/x86_64-linux-gnu/libjpeg.so.8.0.2
7f1822428000-7f1822429000 r--p 00057000 08:01 271566                     /usr/lib/x86_64-linux-gnu/libjpeg.so.8.0.2
7f1822429000-7f182242a000 rw-p 00058000 08:01 271566                     /usr/lib/x86_64-linux-gnu/libjpeg.so.8.0.2
7f182242a000-7f1822434000 r-xp 00000000 08:01 7396                       /usr/lib/jvm/java-8-openjdk-amd64/jre/lib/amd64/libjavajpeg.so
7f1822434000-7f1822633000 ---p 0000a000 08:01 7396                       /usr/lib/jvm/java-8-openjdk-amd64/jre/lib/amd64/libjavajpeg.so
7f1822633000-7f1822634000 r--p 00009000 08:01 7396                       /usr/lib/jvm/java-8-openjdk-amd64/jre/lib/amd64/libjavajpeg.so
7f1822634000-7f1822635000 rw-p 0000a000 08:01 7396                       /usr/lib/jvm/java-8-openjdk-amd64/jre/lib/amd64/libjavajpeg.so
7f1822635000-7f1822736000 rwxp 00000000 00:00 0 
7f1822736000-7f182273b000 r-xp 00000000 08:01 270825                     /usr/lib/x86_64-linux-gnu/libXdmcp.so.6.0.0
7f182273b000-7f182293a000 ---p 00005000 08:01 270825                     /usr/lib/x86_64-linux-gnu/libXdmcp.so.6.0.0
7f182293a000-7f182293b000 r--p 00004000 08:01 270825                     /usr/lib/x86_64-linux-gnu/libXdmcp.so.6.0.0
7f182293b000-7f182293c000 rw-p 00005000 08:01 270825                     /usr/lib/x86_64-linux-gnu/libXdmcp.so.6.0.0
7f182293c000-7f182293e000 r-xp 00000000 08:01 270814                     /usr/lib/x86_64-linux-gnu/libXau.so.6.0.0
7f182293e000-7f1822b3e000 ---p 00002000 08:01 270814                     /usr/lib/x86_64-linux-gnu/libXau.so.6.0.0
7f1822b3e000-7f1822b3f000 r--p 00002000 08:01 270814                     /usr/lib/x86_64-linux-gnu/libXau.so.6.0.0
7f1822b3f000-7f1822b40000 rw-p 00003000 08:01 270814                     /usr/lib/x86_64-linux-gnu/libXau.so.6.0.0
7f1822b40000-7f1822b61000 r-xp 00000000 08:01 272238                     /usr/lib/x86_64-linux-gnu/libxcb.so.1.1.0
7f1822b61000-7f1822d60000 ---p 00021000 08:01 272238                     /usr/lib/x86_64-linux-gnu/libxcb.so.1.1.0
7f1822d60000-7f1822d61000 r--p 00020000 08:01 272238                     /usr/lib/x86_64-linux-gnu/libxcb.so.1.1.0
7f1822d61000-7f1822d62000 rw-p 00021000 08:01 272238                     /usr/lib/x86_64-linux-gnu/libxcb.so.1.1.0
7f1822d62000-7f1822d71000 r-xp 00000000 08:01 270837                     /usr/lib/x86_64-linux-gnu/libXi.so.6.1.0
7f1822d71000-7f1822f70000 ---p 0000f000 08:01 270837                     /usr/lib/x86_64-linux-gnu/libXi.so.6.1.0
7f1822f70000-7f1822f71000 r--p 0000e000 08:01 270837                     /usr/lib/x86_64-linux-gnu/libXi.so.6.1.0
7f1822f71000-7f1822f72000 rw-p 0000f000 08:01 270837                     /usr/lib/x86_64-linux-gnu/libXi.so.6.1.0
7f1822f72000-7f1822f77000 r-xp 00000000 08:01 270855                     /usr/lib/x86_64-linux-gnu/libXtst.so.6.1.0
7f1822f77000-7f1823176000 ---p 00005000 08:01 270855                     /usr/lib/x86_64-linux-gnu/libXtst.so.6.1.0
7f1823176000-7f1823177000 r--p 00004000 08:01 270855                     /usr/lib/x86_64-linux-gnu/libXtst.so.6.1.0
7f1823177000-7f1823178000 rw-p 00005000 08:01 270855                     /usr/lib/x86_64-linux-gnu/libXtst.so.6.1.0
7f1823178000-7f1823181000 r-xp 00000000 08:01 270849                     /usr/lib/x86_64-linux-gnu/libXrender.so.1.3.0
7f1823181000-7f1823380000 ---p 00009000 08:01 270849                     /usr/lib/x86_64-linux-gnu/libXrender.so.1.3.0
7f1823380000-7f1823381000 r--p 00008000 08:01 270849                     /usr/lib/x86_64-linux-gnu/libXrender.so.1.3.0
7f1823381000-7f1823382000 rw-p 00009000 08:01 270849                     /usr/lib/x86_64-linux-gnu/libXrender.so.1.3.0
7f1823382000-7f18234b7000 r-xp 00000000 08:01 270810                     /usr/lib/x86_64-linux-gnu/libX11.so.6.3.0
7f18234b7000-7f18236b7000 ---p 00135000 08:01 270810                     /usr/lib/x86_64-linux-gnu/libX11.so.6.3.0
7f18236b7000-7f18236b8000 r--p 00135000 08:01 270810                     /usr/lib/x86_64-linux-gnu/libX11.so.6.3.0
7f18236b8000-7f18236bc000 rw-p 00136000 08:01 270810                     /usr/lib/x86_64-linux-gnu/libX11.so.6.3.0
7f18236bc000-7f18236cd000 r-xp 00000000 08:01 270827                     /usr/lib/x86_64-linux-gnu/libXext.so.6.4.0
7f18236cd000-7f18238cc000 ---p 00011000 08:01 270827                     /usr/lib/x86_64-linux-gnu/libXext.so.6.4.0
7f18238cc000-7f18238cd000 r--p 00010000 08:01 270827                     /usr/lib/x86_64-linux-gnu/libXext.so.6.4.0
7f18238cd000-7f18238ce000 rw-p 00011000 08:01 270827                     /usr/lib/x86_64-linux-gnu/libXext.so.6.4.0
7f18238ce000-7f1823929000 r-xp 00000000 08:01 7371                       /usr/lib/jvm/java-8-openjdk-amd64/jre/lib/amd64/libawt_xawt.so
7f1823929000-7f1823b28000 ---p 0005b000 08:01 7371                       /usr/lib/jvm/java-8-openjdk-amd64/jre/lib/amd64/libawt_xawt.so
7f1823b28000-7f1823b29000 r--p 0005a000 08:01 7371                       /usr/lib/jvm/java-8-openjdk-amd64/jre/lib/amd64/libawt_xawt.so
7f1823b29000-7f1823b2c000 rw-p 0005b000 08:01 7371                       /usr/lib/jvm/java-8-openjdk-amd64/jre/lib/amd64/libawt_xawt.so
7f1823b2c000-7f1823b2e000 rw-p 00000000 00:00 0 
7f1823b2e000-7f1823bcd000 r-xp 00000000 08:01 7373                       /usr/lib/jvm/java-8-openjdk-amd64/jre/lib/amd64/libawt.so
7f1823bcd000-7f1823dcd000 ---p 0009f000 08:01 7373                       /usr/lib/jvm/java-8-openjdk-amd64/jre/lib/amd64/libawt.so
7f1823dcd000-7f1823dce000 r--p 0009f000 08:01 7373                       /usr/lib/jvm/java-8-openjdk-amd64/jre/lib/amd64/libawt.so
7f1823dce000-7f1823dd9000 rw-p 000a0000 08:01 7373                       /usr/lib/jvm/java-8-openjdk-amd64/jre/lib/amd64/libawt.so
7f1823dd9000-7f1823dfe000 rw-p 00000000 00:00 0 
7f1823dfe000-7f1823eff000 rwxp 00000000 00:00 0 
7f1823eff000-7f1823f00000 ---p 00000000 00:00 0 
7f1823f00000-7f1824000000 rwxp 00000000 00:00 0 
7f1824000000-7f18241c5000 rw-p 00000000 00:00 0 
7f18241c5000-7f1828000000 ---p 00000000 00:00 0 
7f1828000000-7f1828376000 rw-p 00000000 00:00 0 
7f1828376000-7f182c000000 ---p 00000000 00:00 0 
7f182c000000-7f182c0b2000 rw-p 00000000 00:00 0 
7f182c0b2000-7f1830000000 ---p 00000000 00:00 0 
7f1830000000-7f1830021000 rw-p 00000000 00:00 0 
7f1830021000-7f1834000000 ---p 00000000 00:00 0 
7f1834000000-7f1834021000 rw-p 00000000 00:00 0 
7f1834021000-7f1838000000 ---p 00000000 00:00 0 
7f1838000000-7f1838021000 rw-p 00000000 00:00 0 
7f1838021000-7f183c000000 ---p 00000000 00:00 0 
7f183c000000-7f183c021000 rw-p 00000000 00:00 0 
7f183c021000-7f1840000000 ---p 00000000 00:00 0 
7f184000c000-7f1840022000 r--p 00000000 08:01 208625                     /etc/ld.so.cache
7f1840022000-7f1840026000 r--s 000a1000 08:01 7413                       /usr/lib/jvm/java-8-openjdk-amd64/jre/lib/jsse.jar
7f1840026000-7f184005b000 rw-p 00000000 00:00 0 
7f184005b000-7f184015c000 rwxp 00000000 00:00 0 
7f184015c000-7f184015d000 ---p 00000000 00:00 0 
7f184015d000-7f184025d000 rwxp 00000000 00:00 0 
7f184025d000-7f184325e000 rw-p 00000000 00:00 0 
7f184325e000-7f1843274000 r-xp 00000000 08:01 7401                       /usr/lib/jvm/java-8-openjdk-amd64/jre/lib/amd64/libnet.so
7f1843274000-7f1843474000 ---p 00016000 08:01 7401                       /usr/lib/jvm/java-8-openjdk-amd64/jre/lib/amd64/libnet.so
7f1843474000-7f1843475000 r--p 00016000 08:01 7401                       /usr/lib/jvm/java-8-openjdk-amd64/jre/lib/amd64/libnet.so
7f1843475000-7f1843476000 rw-p 00017000 08:01 7401                       /usr/lib/jvm/java-8-openjdk-amd64/jre/lib/amd64/libnet.so
7f1843476000-7f1843477000 ---p 00000000 00:00 0 
7f1843477000-7f1843678000 rwxp 00000000 00:00 0 
7f1843678000-7f1843784000 r--s 00dba000 08:01 543253                     /home/ishan/.m2/repository/org/scala-lang/scala-compiler/2.11.8/scala-compiler-2.11.8.jar
7f1843784000-7f18437d0000 r--s 00411000 08:01 543275                     /home/ishan/.m2/repository/org/scala-lang/scala-reflect/2.11.8/scala-reflect-2.11.8.jar
7f18437d0000-7f1843829000 r--s 00522000 08:01 543272                     /home/ishan/.m2/repository/org/scala-lang/scala-library/2.11.8/scala-library-2.11.8.jar
7f1843829000-7f184385c000 r--s 01cb7000 08:01 543269                     /home/ishan/.m2/repository/org/apache/mxnet/mxnet-full_2.11-linux-x86_64-cpu/1.4.1/mxnet-full_2.11-linux-x86_64-cpu-1.4.1.jar
7f184385c000-7f184395d000 rwxp 00000000 00:00 0 
7f184395d000-7f1843c35000 r--p 00000000 08:01 299513                     /usr/lib/locale/locale-archive
7f1843c35000-7f1843e37000 rwxp 00000000 00:00 0 
7f1843e37000-7f1843e38000 ---p 00000000 00:00 0 
7f1843e38000-7f1843f38000 rwxp 00000000 00:00 0 
7f1843f38000-7f1844107000 r--s 03c3b000 08:01 7409                       /usr/lib/jvm/java-8-openjdk-amd64/jre/lib/rt.jar
7f1844107000-7f1844907000 rw-p 00000000 00:00 0 
7f1844907000-7f184491c000 rw-p 00000000 00:00 0 
7f184491c000-7f1844a51000 ---p 00000000 00:00 0 
7f1844a51000-7f1844a5c000 rw-p 00000000 00:00 0 
7f1844a5c000-7f1844af5000 ---p 00000000 00:00 0 
7f1844af5000-7f1844b0b000 rw-p 00000000 00:00 0 
7f1844b0b000-7f1844c3f000 ---p 00000000 00:00 0 
7f1844c3f000-7f1844c4c000 rw-p 00000000 00:00 0 
7f1844c4c000-7f1845000000 ---p 00000000 00:00 0 
7f1845000000-7f18452d0000 rwxp 00000000 00:00 0 
7f18452d0000-7f1854000000 ---p 00000000 00:00 0 
7f1854000000-7f1854429000 rw-p 00000000 00:00 0 
7f1854429000-7f1858000000 ---p 00000000 00:00 0 
7f1858001000-7f1858003000 r--s 0001b000 08:01 546609                     /home/ishan/idea-IC-191.7479.19/lib/idea_rt.jar
7f1858003000-7f1858004000 r--s 00001000 08:01 543945                     /home/ishan/.m2/repository/org/slf4j/slf4j-simple/1.6.4/slf4j-simple-1.6.4.jar
7f1858004000-7f1858006000 r--s 00005000 08:01 573425                     /home/ishan/.m2/repository/org/slf4j/slf4j-api/1.7.5/slf4j-api-1.7.5.jar
7f1858006000-7f1858011000 r--s 00094000 08:01 543268                     /home/ishan/.m2/repository/org/scala-lang/modules/scala-xml_2.11/1.0.4/scala-xml_2.11-1.0.4.jar
7f1858011000-7f185801c000 r--s 0005d000 08:01 543273                     /home/ishan/.m2/repository/org/scala-lang/modules/scala-parser-combinators_2.11/1.0.4/scala-parser-combinators_2.11-1.0.4.jar
7f185801c000-7f185802f000 r--s 00346000 08:01 7411                       /usr/lib/jvm/java-8-openjdk-amd64/jre/lib/resources.jar
7f185802f000-7f1858033000 r--s 000a1000 08:01 7413                       /usr/lib/jvm/java-8-openjdk-amd64/jre/lib/jsse.jar
7f1858033000-7f1858038000 r--s 002f9000 08:01 7414                       /usr/lib/jvm/java-8-openjdk-amd64/jre/lib/charsets.jar
7f1858038000-7f1858053000 r--s 00394000 08:01 7439                       /usr/lib/jvm/java-8-openjdk-amd64/jre/lib/ext/cldrdata.jar
7f1858053000-7f185806e000 r--s 001d6000 08:01 7440                       /usr/lib/jvm/java-8-openjdk-amd64/jre/lib/ext/nashorn.jar
7f185806e000-7f18580bc000 rw-p 00000000 00:00 0 
7f18580bc000-7f18580c4000 r-xp 00000000 08:01 7408                       /usr/lib/jvm/java-8-openjdk-amd64/jre/lib/amd64/libzip.so
7f18580c4000-7f18582c3000 ---p 00008000 08:01 7408                       /usr/lib/jvm/java-8-openjdk-amd64/jre/lib/amd64/libzip.so
7f18582c3000-7f18582c4000 r--p 00007000 08:01 7408                       /usr/lib/jvm/java-8-openjdk-amd64/jre/lib/amd64/libzip.so
7f18582c4000-7f18582c5000 rw-p 00008000 08:01 7408                       /usr/lib/jvm/java-8-openjdk-amd64/jre/lib/amd64/libzip.so
7f18582c5000-7f18582d0000 r-xp 00000000 08:01 6874                       /lib/x86_64-linux-gnu/libnss_files-2.23.so
7f18582d0000-7f18584cf000 ---p 0000b000 08:01 6874                       /lib/x86_64-linux-gnu/libnss_files-2.23.so
7f18584cf000-7f18584d0000 r--p 0000a000 08:01 6874                       /lib/x86_64-linux-gnu/libnss_files-2.23.so
7f18584d0000-7f18584d1000 rw-p 0000b000 08:01 6874                       /lib/x86_64-linux-gnu/libnss_files-2.23.so
7f18584d1000-7f18584d7000 rw-p 00000000 00:00 0 
7f18584d7000-7f18584e2000 r-xp 00000000 08:01 6884                       /lib/x86_64-linux-gnu/libnss_nis-2.23.so
7f18584e2000-7f18586e1000 ---p 0000b000 08:01 6884                       /lib/x86_64-linux-gnu/libnss_nis-2.23.so
7f18586e1000-7f18586e2000 r--p 0000a000 08:01 6884                       /lib/x86_64-linux-gnu/libnss_nis-2.23.so
7f18586e2000-7f18586e3000 rw-p 0000b000 08:01 6884                       /lib/x86_64-linux-gnu/libnss_nis-2.23.so
7f18586e3000-7f18586f9000 r-xp 00000000 08:01 6868                       /lib/x86_64-linux-gnu/libnsl-2.23.so
7f18586f9000-7f18588f8000 ---p 00016000 08:01 6868                       /lib/x86_64-linux-gnu/libnsl-2.23.so
7f18588f8000-7f18588f9000 r--p 00015000 08:01 6868                       /lib/x86_64-linux-gnu/libnsl-2.23.so
7f18588f9000-7f18588fa000 rw-p 00016000 08:01 6868                       /lib/x86_64-linux-gnu/libnsl-2.23.so
7f18588fa000-7f18588fc000 rw-p 00000000 00:00 0 
7f18588fc000-7f1858904000 r-xp 00000000 08:01 6870                       /lib/x86_64-linux-gnu/libnss_compat-2.23.so
7f1858904000-7f1858b03000 ---p 00008000 08:01 6870                       /lib/x86_64-linux-gnu/libnss_compat-2.23.so
7f1858b03000-7f1858b04000 r--p 00007000 08:01 6870                       /lib/x86_64-linux-gnu/libnss_compat-2.23.so
7f1858b04000-7f1858b05000 rw-p 00008000 08:01 6870                       /lib/x86_64-linux-gnu/libnss_compat-2.23.so
7f1858b05000-7f1858b0f000 r-xp 00000000 08:01 7380                       /usr/lib/jvm/java-8-openjdk-amd64/jre/lib/amd64/libinstrument.so
7f1858b0f000-7f1858d0e000 ---p 0000a000 08:01 7380                       /usr/lib/jvm/java-8-openjdk-amd64/jre/lib/amd64/libinstrument.so
7f1858d0e000-7f1858d0f000 r--p 00009000 08:01 7380                       /usr/lib/jvm/java-8-openjdk-amd64/jre/lib/amd64/libinstrument.so
7f1858d0f000-7f1858d10000 rw-p 0000a000 08:01 7380                       /usr/lib/jvm/java-8-openjdk-amd64/jre/lib/amd64/libinstrument.so
7f1858d10000-7f1858d3c000 r-xp 00000000 08:01 7389                       /usr/lib/jvm/java-8-openjdk-amd64/jre/lib/amd64/libjava.so
7f1858d3c000-7f1858f3b000 ---p 0002c000 08:01 7389                       /usr/lib/jvm/java-8-openjdk-amd64/jre/lib/amd64/libjava.so
7f1858f3b000-7f1858f3c000 r--p 0002b000 08:01 7389                       /usr/lib/jvm/java-8-openjdk-amd64/jre/lib/amd64/libjava.so
7f1858f3c000-7f1858f3e000 rw-p 0002c000 08:01 7389                       /usr/lib/jvm/java-8-openjdk-amd64/jre/lib/amd64/libjava.so
7f1858f3e000-7f1858f4d000 r-xp 00000000 08:01 7377                       /usr/lib/jvm/java-8-openjdk-amd64/jre/lib/amd64/libverify.so
7f1858f4d000-7f185914c000 ---p 0000f000 08:01 7377                       /usr/lib/jvm/java-8-openjdk-amd64/jre/lib/amd64/libverify.so
7f185914c000-7f185914e000 r--p 0000e000 08:01 7377                       /usr/lib/jvm/java-8-openjdk-amd64/jre/lib/amd64/libverify.so
7f185914e000-7f185914f000 rw-p 00010000 08:01 7377                       /usr/lib/jvm/java-8-openjdk-amd64/jre/lib/amd64/libverify.so
7f185914f000-7f1859156000 r-xp 00000000 08:01 6929                       /lib/x86_64-linux-gnu/librt-2.23.so
7f1859156000-7f1859355000 ---p 00007000 08:01 6929                       /lib/x86_64-linux-gnu/librt-2.23.so
7f1859355000-7f1859356000 r--p 00006000 08:01 6929                       /lib/x86_64-linux-gnu/librt-2.23.so
7f1859356000-7f1859357000 rw-p 00007000 08:01 6929                       /lib/x86_64-linux-gnu/librt-2.23.so
7f1859357000-7f185936d000 r-xp 00000000 08:01 6813                       /lib/x86_64-linux-gnu/libgcc_s.so.1
7f185936d000-7f185956c000 ---p 00016000 08:01 6813                       /lib/x86_64-linux-gnu/libgcc_s.so.1
7f185956c000-7f185956d000 rw-p 00015000 08:01 6813                       /lib/x86_64-linux-gnu/libgcc_s.so.1
7f185956d000-7f1859675000 r-xp 00000000 08:01 6845                       /lib/x86_64-linux-gnu/libm-2.23.so
7f1859675000-7f1859874000 ---p 00108000 08:01 6845                       /lib/x86_64-linux-gnu/libm-2.23.so
7f1859874000-7f1859875000 r--p 00107000 08:01 6845                       /lib/x86_64-linux-gnu/libm-2.23.so
7f1859875000-7f1859876000 rw-p 00108000 08:01 6845                       /lib/x86_64-linux-gnu/libm-2.23.so
7f1859876000-7f18599e8000 r-xp 00000000 08:01 271987                     /usr/lib/x86_64-linux-gnu/libstdc++.so.6.0.21
7f18599e8000-7f1859be8000 ---p 00172000 08:01 271987                     /usr/lib/x86_64-linux-gnu/libstdc++.so.6.0.21
7f1859be8000-7f1859bf2000 r--p 00172000 08:01 271987                     /usr/lib/x86_64-linux-gnu/libstdc++.so.6.0.21
7f1859bf2000-7f1859bf4000 rw-p 0017c000 08:01 271987                     /usr/lib/x86_64-linux-gnu/libstdc++.so.6.0.21
7f1859bf4000-7f1859bf8000 rw-p 00000000 00:00 0 
7f1859bf8000-7f185a85c000 r-xp 00000000 08:01 7387                       /usr/lib/jvm/java-8-openjdk-amd64/jre/lib/amd64/server/libjvm.so
7f185a85c000-7f185aa5b000 ---p 00c64000 08:01 7387                       /usr/lib/jvm/java-8-openjdk-amd64/jre/lib/amd64/server/libjvm.so
7f185aa5b000-7f185aaef000 r--p 00c63000 08:01 7387                       /usr/lib/jvm/java-8-openjdk-amd64/jre/lib/amd64/server/libjvm.so
7f185aaef000-7f185ab18000 rw-p 00cf7000 08:01 7387                       /usr/lib/jvm/java-8-openjdk-amd64/jre/lib/amd64/server/libjvm.so
7f185ab18000-7f185ab48000 rw-p 00000000 00:00 0 
7f185ab48000-7f185ab60000 r-xp 00000000 08:01 6921                       /lib/x86_64-linux-gnu/libpthread-2.23.so
7f185ab60000-7f185ad5f000 ---p 00018000 08:01 6921                       /lib/x86_64-linux-gnu/libpthread-2.23.so
7f185ad5f000-7f185ad60000 r--p 00017000 08:01 6921                       /lib/x86_64-linux-gnu/libpthread-2.23.so
7f185ad60000-7f185ad61000 rw-p 00018000 08:01 6921                       /lib/x86_64-linux-gnu/libpthread-2.23.so
7f185ad61000-7f185ad65000 rw-p 00000000 00:00 0 
7f185ad65000-7f185ad68000 r-xp 00000000 08:01 6799                       /lib/x86_64-linux-gnu/libdl-2.23.so
7f185ad68000-7f185af67000 ---p 00003000 08:01 6799                       /lib/x86_64-linux-gnu/libdl-2.23.so
7f185af67000-7f185af68000 r--p 00002000 08:01 6799                       /lib/x86_64-linux-gnu/libdl-2.23.so
7f185af68000-7f185af69000 rw-p 00003000 08:01 6799                       /lib/x86_64-linux-gnu/libdl-2.23.so
7f185af69000-7f185af82000 r-xp 00000000 08:01 6966                       /lib/x86_64-linux-gnu/libz.so.1.2.8
7f185af82000-7f185b181000 ---p 00019000 08:01 6966                       /lib/x86_64-linux-gnu/libz.so.1.2.8
7f185b181000-7f185b182000 r--p 00018000 08:01 6966                       /lib/x86_64-linux-gnu/libz.so.1.2.8
7f185b182000-7f185b183000 rw-p 00019000 08:01 6966                       /lib/x86_64-linux-gnu/libz.so.1.2.8
7f185b183000-7f185b343000 r-xp 00000000 08:01 6775                       /lib/x86_64-linux-gnu/libc-2.23.so
7f185b343000-7f185b543000 ---p 001c0000 08:01 6775                       /lib/x86_64-linux-gnu/libc-2.23.so
7f185b543000-7f185b547000 r--p 001c0000 08:01 6775                       /lib/x86_64-linux-gnu/libc-2.23.so
7f185b547000-7f185b549000 rw-p 001c4000 08:01 6775                       /lib/x86_64-linux-gnu/libc-2.23.so
7f185b549000-7f185b54d000 rw-p 00000000 00:00 0 
7f185b54d000-7f185b55a000 r-xp 00000000 08:01 7407                       /usr/lib/jvm/java-8-openjdk-amd64/jre/lib/amd64/jli/libjli.so
7f185b55a000-7f185b759000 ---p 0000d000 08:01 7407                       /usr/lib/jvm/java-8-openjdk-amd64/jre/lib/amd64/jli/libjli.so
7f185b759000-7f185b75a000 r--p 0000c000 08:01 7407                       /usr/lib/jvm/java-8-openjdk-amd64/jre/lib/amd64/jli/libjli.so
7f185b75a000-7f185b75b000 rw-p 0000d000 08:01 7407                       /usr/lib/jvm/java-8-openjdk-amd64/jre/lib/amd64/jli/libjli.so
7f185b75b000-7f185b781000 r-xp 00000000 08:01 6747                       /lib/x86_64-linux-gnu/ld-2.23.so
7f185b781000-7f185b782000 r--s 00000000 08:01 7415                       /usr/lib/jvm/java-8-openjdk-amd64/jre/lib/management-agent.jar
7f185b782000-7f185b784000 r--s 00016000 08:01 7434                       /usr/lib/jvm/java-8-openjdk-amd64/jre/lib/jce.jar
7f185b784000-7f185b786000 r--s 00001000 08:01 7445                       /usr/lib/jvm/java-8-openjdk-amd64/jre/lib/ext/dnsns.jar
7f185b786000-7f185b789000 r--s 0000f000 08:01 7438                       /usr/lib/jvm/java-8-openjdk-amd64/jre/lib/ext/icedtea-sound.jar
7f185b789000-7f185b793000 r--s 00116000 08:01 7446                       /usr/lib/jvm/java-8-openjdk-amd64/jre/lib/ext/localedata.jar
7f185b793000-7f185b864000 rw-p 00000000 00:00 0 
7f185b864000-7f185b865000 ---p 00000000 00:00 0 
7f185b865000-7f185b965000 rwxp 00000000 00:00 0 
7f185b965000-7f185b969000 rw-p 00000000 00:00 0 
7f185b969000-7f185b96a000 r--s 00010000 08:01 7441                       /usr/lib/jvm/java-8-openjdk-amd64/jre/lib/ext/zipfs.jar
7f185b96a000-7f185b96b000 r--s 0000a000 08:01 7444                       /usr/lib/jvm/java-8-openjdk-amd64/jre/lib/ext/jaccess.jar
7f185b96b000-7f185b970000 r--s 0003c000 08:01 7443                       /usr/lib/jvm/java-8-openjdk-amd64/jre/lib/ext/sunjce_provider.jar
7f185b970000-7f185b972000 r--s 00008000 08:01 7442                       /usr/lib/jvm/java-8-openjdk-amd64/jre/lib/ext/sunec.jar
7f185b972000-7f185b975000 r--s 00039000 08:01 7447                       /usr/lib/jvm/java-8-openjdk-amd64/jre/lib/ext/sunpkcs11.jar
7f185b975000-7f185b97d000 rw-s 00000000 08:01 307110                     /tmp/hsperfdata_ishan/4015
7f185b97d000-7f185b97e000 rw-p 00000000 00:00 0 
7f185b97e000-7f185b97f000 r--p 00000000 00:00 0 
7f185b97f000-7f185b980000 rw-p 00000000 00:00 0 
7f185b980000-7f185b981000 r--p 00025000 08:01 6747                       /lib/x86_64-linux-gnu/ld-2.23.so
7f185b981000-7f185b982000 rw-p 00026000 08:01 6747                       /lib/x86_64-linux-gnu/ld-2.23.so
7f185b982000-7f185b983000 rw-p 00000000 00:00 0 
7ffcf3ee4000-7ffcf3f04000 rwxp 00000000 00:00 0                          [stack]
7ffcf3f04000-7ffcf3f06000 rw-p 00000000 00:00 0 
7ffcf3fc2000-7ffcf3fc5000 r--p 00000000 00:00 0                          [vvar]
7ffcf3fc5000-7ffcf3fc7000 r-xp 00000000 00:00 0                          [vdso]
ffffffffff600000-ffffffffff601000 r-xp 00000000 00:00 0                  [vsyscall]

VM Arguments:
jvm_args: -javaagent:/home/ishan/idea-IC-191.7479.19/lib/idea_rt.jar=40727:/home/ishan/idea-IC-191.7479.19/bin -Dfile.encoding=UTF-8 
java_command: mxnet.ObjectDetectionTutorial
java_class_path (initial): /usr/lib/jvm/java-8-openjdk-amd64/jre/lib/charsets.jar:/usr/lib/jvm/java-8-openjdk-amd64/jre/lib/ext/cldrdata.jar:/usr/lib/jvm/java-8-openjdk-amd64/jre/lib/ext/dnsns.jar:/usr/lib/jvm/java-8-openjdk-amd64/jre/lib/ext/icedtea-sound.jar:/usr/lib/jvm/java-8-openjdk-amd64/jre/lib/ext/jaccess.jar:/usr/lib/jvm/java-8-openjdk-amd64/jre/lib/ext/localedata.jar:/usr/lib/jvm/java-8-openjdk-amd64/jre/lib/ext/nashorn.jar:/usr/lib/jvm/java-8-openjdk-amd64/jre/lib/ext/sunec.jar:/usr/lib/jvm/java-8-openjdk-amd64/jre/lib/ext/sunjce_provider.jar:/usr/lib/jvm/java-8-openjdk-amd64/jre/lib/ext/sunpkcs11.jar:/usr/lib/jvm/java-8-openjdk-amd64/jre/lib/ext/zipfs.jar:/usr/lib/jvm/java-8-openjdk-amd64/jre/lib/jce.jar:/usr/lib/jvm/java-8-openjdk-amd64/jre/lib/jsse.jar:/usr/lib/jvm/java-8-openjdk-amd64/jre/lib/management-agent.jar:/usr/lib/jvm/java-8-openjdk-amd64/jre/lib/resources.jar:/usr/lib/jvm/java-8-openjdk-amd64/jre/lib/rt.jar:/home/ishan/IdeaProjects/javaqMXNet/target/classes:/home/ishan/.m2/repository/org/apache/mxnet/mxnet-full_2.11-linux-x86_64-cpu/1.4.1/mxnet-full_2.11-linux-x86_64-cpu-1.4.1.jar:/home/ishan/.m2/repository/org/scala-lang/scala-library/2.11.8/scala-library-2.11.8.jar:/home/ishan/.m2/repository/org/scala-lang/scala-reflect/2.11.8/scala-reflect-2.11.8.jar:/home/ishan/.m2/repository/org/scala-lang/modules/scala-parser-combinators_2.11/1.0.4/scala-parser-combinators_2.11-1.0.4.jar:/home/ishan/.m2/repository/org/scala-lang/scala-compiler/2.11.8/scala-compiler-2.11.8.jar:/home/ishan/.m2/repository/org/scala-lang/modules/scala-xml_2.11/1.0.4/scala-xml_2.11-1.0.4.jar:/home/ishan/.m2/repository/org/slf4j/slf4j-api/1.7.5/slf4j-api-1.7.5.jar:/home/ishan/.m2/repository/org/slf4j/slf4j-simple/1.6.4/slf4j-simple-1.6.4.jar:/home/ishan/idea-IC-191.7479.19/lib/idea_rt.jar
Launcher Type: SUN_STANDARD

Environment Variables:
PATH=/home/ishan/bin:/home/ishan/.local/bin:/usr/local/sbin:/usr/local/bin:/usr/sbin:/usr/bin:/sbin:/bin:/usr/games:/usr/local/games:/snap/bin
SHELL=/bin/bash
DISPLAY=:0

Signal Handlers:
SIGSEGV: [libjvm.so+0xa765a0], sa_mask[0]=11111111011111111101111111111110, sa_flags=SA_RESTART|SA_SIGINFO
SIGBUS: [libjvm.so+0xa765a0], sa_mask[0]=11111111011111111101111111111110, sa_flags=SA_RESTART|SA_SIGINFO
SIGFPE: [libjvm.so+0x8bd800], sa_mask[0]=11111111011111111101111111111110, sa_flags=SA_RESTART|SA_SIGINFO
SIGPIPE: [libjvm.so+0x8bd800], sa_mask[0]=11111111011111111101111111111110, sa_flags=SA_RESTART|SA_SIGINFO
SIGXFSZ: [libjvm.so+0x8bd800], sa_mask[0]=11111111011111111101111111111110, sa_flags=SA_RESTART|SA_SIGINFO
SIGILL: [libjvm.so+0x8bd800], sa_mask[0]=11111111011111111101111111111110, sa_flags=SA_RESTART|SA_SIGINFO
SIGUSR1: SIG_DFL, sa_mask[0]=00000000000000000000000000000000, sa_flags=none
SIGUSR2: [libjvm.so+0x8bd6b0], sa_mask[0]=00100000000000000000000000000000, sa_flags=SA_RESTART|SA_SIGINFO
SIGHUP: [libjvm.so+0x8bdd40], sa_mask[0]=11111111011111111101111111111110, sa_flags=SA_RESTART|SA_SIGINFO
SIGINT: [libjvm.so+0x8bdd40], sa_mask[0]=11111111011111111101111111111110, sa_flags=SA_RESTART|SA_SIGINFO
SIGTERM: [libjvm.so+0x8bdd40], sa_mask[0]=11111111011111111101111111111110, sa_flags=SA_RESTART|SA_SIGINFO
SIGQUIT: [libjvm.so+0x8bdd40], sa_mask[0]=11111111011111111101111111111110, sa_flags=SA_RESTART|SA_SIGINFO


---------------  S Y S T E M  ---------------

OS:DISTRIB_ID=Ubuntu
DISTRIB_RELEASE=16.04
DISTRIB_CODENAME=xenial
DISTRIB_DESCRIPTION="Ubuntu 16.04.6 LTS"

uname:Linux 4.15.0-45-generic #48~16.04.1-Ubuntu SMP Tue Jan 29 18:03:48 UTC 2019 x86_64
libc:glibc 2.23 NPTL 2.23 
rlimit: STACK 8192k, CORE 0k, NPROC 15549, NOFILE 1048576, AS infinity
load average:3.92 3.44 2.39

/proc/meminfo:
MemTotal:        4040232 kB
MemFree:          102296 kB
MemAvailable:    1078688 kB
Buffers:           58780 kB
Cached:          1183152 kB
SwapCached:            0 kB
Active:          2974216 kB
Inactive:         773956 kB
Active(anon):    2368300 kB
Inactive(anon):   242308 kB
Active(file):     605916 kB
Inactive(file):   531648 kB
Unevictable:          32 kB
Mlocked:              32 kB
SwapTotal:        998396 kB
SwapFree:         998396 kB
Dirty:             80032 kB
Writeback:             0 kB
AnonPages:       2506344 kB
Mapped:           425844 kB
Shmem:            104296 kB
Slab:             113056 kB
SReclaimable:      83832 kB
SUnreclaim:        29224 kB
KernelStack:       10288 kB
PageTables:        41836 kB
NFS_Unstable:          0 kB
Bounce:                0 kB
WritebackTmp:          0 kB
CommitLimit:     3018512 kB
Committed_AS:    6197108 kB
VmallocTotal:   34359738367 kB
VmallocUsed:           0 kB
VmallocChunk:          0 kB
HardwareCorrupted:     0 kB
AnonHugePages:         0 kB
ShmemHugePages:        0 kB
ShmemPmdMapped:        0 kB
CmaTotal:              0 kB
CmaFree:               0 kB
HugePages_Total:       0
HugePages_Free:        0
HugePages_Rsvd:        0
HugePages_Surp:        0
Hugepagesize:       2048 kB
DirectMap4k:       90048 kB
DirectMap2M:     4104192 kB

container (cgroup) information:
container_type: cgroupv1
cpu_cpuset_cpus: 0
cpu_memory_nodes: 0
active_processor_count: 1
cpu_quota: -1
cpu_period: 100000
cpu_shares: -1
memory_limit_in_bytes: -1
memory_and_swap_limit_in_bytes: -2
memory_soft_limit_in_bytes: -1
memory_usage_in_bytes: 3838296064
memory_max_usage_in_bytes: 0


CPU:total 1 (initial active 1) (1 cores per cpu, 1 threads per core) family 6 model 37 stepping 5, cmov, cx8, fxsr, mmx, sse, sse2, sse3, ssse3, sse4.1, sse4.2, popcnt, tsc, tscinvbit

/proc/cpuinfo:
processor	: 0
vendor_id	: GenuineIntel
cpu family	: 6
model		: 37
model name	: Intel(R) Core(TM) i3 CPU       M 370  @ 2.40GHz
stepping	: 5
microcode	: 0x616
cpu MHz		: 2393.896
cache size	: 3072 KB
physical id	: 0
siblings	: 1
core id		: 0
cpu cores	: 1
apicid		: 0
initial apicid	: 0
fpu		: yes
fpu_exception	: yes
cpuid level	: 11
wp		: yes
flags		: fpu vme de pse tsc msr pae mce cx8 apic sep mtrr pge mca cmov pat pse36 clflush mmx fxsr sse sse2 ht syscall nx rdtscp lm constant_tsc rep_good nopl xtopology nonstop_tsc cpuid pni monitor ssse3 cx16 sse4_1 sse4_2 x2apic popcnt hypervisor lahf_lm pti
bugs		: cpu_meltdown spectre_v1 spectre_v2 spec_store_bypass l1tf
bogomips	: 4787.79
clflush size	: 64
cache_alignment	: 64
address sizes	: 36 bits physical, 48 bits virtual
power management:



Memory: 4k page, physical 4040232k(102296k free), swap 998396k(998396k free)

vm_info: OpenJDK 64-Bit Server VM (25.212-b03) for linux-amd64 JRE (1.8.0_212-8u212-b03-0ubuntu1.16.04.1-b03), built on Apr 26 2019 02:02:50 by "buildd" with gcc 5.4.0 20160609

time: Sun Jul 28 23:30:29 2019
timezone: IST
elapsed time: 7 seconds (0d 0h 0m 7s)

